<?xml version="1.0" encoding="UTF-8"?>
<!-- Generated by org.testng.reporters.JUnitReportReporter -->
<testsuite hostname="LAPTOP-5EAMJ23T" name="testCases.MessagePageTest" tests="5" failures="0" timestamp="17 Dec 2018 06:35:48 GMT" time="79.088" errors="0">
  <testcase name="typeMessage" time="18.479" classname="testCases.MessagePageTest"/>
  <testcase name="sendMessage" time="14.697" classname="testCases.MessagePageTest"/>
  <testcase name="searchUsername" time="12.807" classname="testCases.MessagePageTest"/>
  <testcase name="clickMessageIcon" time="16.807" classname="testCases.MessagePageTest"/>
  <testcase name="selectUser" time="16.298" classname="testCases.MessagePageTest"/>
</testsuite> <!-- testCases.MessagePageTest -->
