<?xml version="1.0" encoding="UTF-8"?>
<!-- Generated by org.testng.reporters.JUnitReportReporter -->
<testsuite hostname="LAPTOP-5EAMJ23T" name="testCases.MessagePageTest" tests="5" failures="0" timestamp="2 Feb 2019 23:13:49 GMT" time="72.073" errors="0">
  <testcase name="clickMessageIcon" time="13.975" classname="testCases.MessagePageTest"/>
  <testcase name="selectUser" time="14.079" classname="testCases.MessagePageTest"/>
  <testcase name="searchUsername" time="14.372" classname="testCases.MessagePageTest"/>
  <testcase name="typeMessage" time="14.837" classname="testCases.MessagePageTest"/>
  <testcase name="sendMessage" time="14.810" classname="testCases.MessagePageTest"/>
</testsuite> <!-- testCases.MessagePageTest -->
