<?xml version="1.0" encoding="UTF-8"?>
<!-- Generated by org.testng.reporters.JUnitReportReporter -->
<testsuite hostname="LAPTOP-5EAMJ23T" name="testCases.loginPageTest" tests="3" failures="0" timestamp="2 Feb 2019 23:13:49 GMT" time="23.217" errors="0">
  <testcase name="loginTest" time="11.167" classname="testCases.loginPageTest"/>
  <testcase name="linkedInLogoTest" time="5.997" classname="testCases.loginPageTest"/>
  <testcase name="loginPageTitleTest" time="6.053" classname="testCases.loginPageTest"/>
</testsuite> <!-- testCases.loginPageTest -->
