<?xml version="1.0" encoding="UTF-8"?>
<!-- Generated by org.testng.reporters.JUnitReportReporter -->
<testsuite hostname="LAPTOP-5EAMJ23T" name="testCases.HomePageTest" tests="3" failures="0" timestamp="17 Dec 2018 06:35:48 GMT" time="30.450" errors="0">
  <testcase name="messagePageLogin" time="10.078" classname="testCases.HomePageTest"/>
  <testcase name="verfiyUserName" time="10.062" classname="testCases.HomePageTest"/>
  <testcase name="verifyHomePageTitle" time="10.310" classname="testCases.HomePageTest"/>
</testsuite> <!-- testCases.HomePageTest -->
