<?xml version="1.0" encoding="UTF-8"?>
<!-- Generated by org.testng.reporters.JUnitReportReporter -->
<testsuite hostname="LAPTOP-5EAMJ23T" name="testCases.SignUpPageTest" tests="7" failures="0" timestamp="2 Feb 2019 23:13:49 GMT" time="49.631" errors="0">
  <testcase name="SignUp" time="6.443" classname="testCases.SignUpPageTest"/>
  <testcase name="SignUp" time="5.949" classname="testCases.SignUpPageTest"/>
  <testcase name="SignUp" time="9.358" classname="testCases.SignUpPageTest"/>
  <testcase name="SignUp" time="8.473" classname="testCases.SignUpPageTest"/>
  <testcase name="validateLogo" time="5.573" classname="testCases.SignUpPageTest"/>
  <testcase name="SignUp" time="8.396" classname="testCases.SignUpPageTest"/>
  <testcase name="verifyTitle" time="5.439" classname="testCases.SignUpPageTest"/>
</testsuite> <!-- testCases.SignUpPageTest -->
