<?xml version="1.0" encoding="UTF-8"?>
<!-- Generated by org.testng.reporters.JUnitReportReporter -->
<testsuite hostname="LAPTOP-5EAMJ23T" name="testCases.loginPageTest" tests="3" failures="0" timestamp="17 Dec 2018 06:35:48 GMT" time="21.024" errors="0">
  <testcase name="linkedInLogoTest" time="5.235" classname="testCases.loginPageTest"/>
  <testcase name="loginTest" time="10.004" classname="testCases.loginPageTest"/>
  <testcase name="loginPageTitleTest" time="5.785" classname="testCases.loginPageTest"/>
</testsuite> <!-- testCases.loginPageTest -->
