<?xml version="1.0" encoding="UTF-8"?>
<!-- Generated by org.testng.reporters.JUnitReportReporter -->
<testsuite hostname="LAPTOP-5EAMJ23T" name="testCases.loginPageTest" tests="3" failures="0" timestamp="15 Feb 2019 23:05:58 GMT" time="23.228" errors="0">
  <testcase name="linkedInLogoTest" time="8.546" classname="testCases.loginPageTest"/>
  <testcase name="loginTest" time="8.617" classname="testCases.loginPageTest"/>
  <testcase name="loginPageTitleTest" time="6.065" classname="testCases.loginPageTest"/>
</testsuite> <!-- testCases.loginPageTest -->
