<?xml version="1.0" encoding="UTF-8"?>
<!-- Generated by org.testng.reporters.JUnitReportReporter -->
<testsuite hostname="LAPTOP-5EAMJ23T" name="testCases.HomePageTest" tests="3" failures="0" timestamp="2 Feb 2019 23:13:49 GMT" time="34.380" errors="0">
  <testcase name="verfiyUserName" time="12.115" classname="testCases.HomePageTest"/>
  <testcase name="verifyHomePageTitle" time="10.519" classname="testCases.HomePageTest"/>
  <testcase name="messagePageLogin" time="11.746" classname="testCases.HomePageTest"/>
</testsuite> <!-- testCases.HomePageTest -->
