<?xml version="1.0" encoding="UTF-8"?>
<!-- Generated by org.testng.reporters.JUnitReportReporter -->
<testsuite hostname="LAPTOP-5EAMJ23T" name="testCases.MessagePageTest" tests="5" failures="0" timestamp="15 Feb 2019 23:13:19 GMT" time="67.988" errors="0">
  <testcase name="searchUsername" time="17.383" classname="testCases.MessagePageTest"/>
  <testcase name="selectUser" time="12.393" classname="testCases.MessagePageTest"/>
  <testcase name="typeMessage" time="12.130" classname="testCases.MessagePageTest"/>
  <testcase name="sendMessage" time="13.083" classname="testCases.MessagePageTest"/>
  <testcase name="clickMessageIcon" time="12.999" classname="testCases.MessagePageTest"/>
</testsuite> <!-- testCases.MessagePageTest -->
