<?xml version="1.0" encoding="UTF-8"?>
<!-- Generated by org.testng.reporters.JUnitReportReporter -->
<testsuite hostname="LAPTOP-5EAMJ23T" name="testCases.SignUpPageTest" tests="7" failures="0" timestamp="15 Feb 2019 06:22:52 GMT" time="45.636" errors="0">
  <testcase name="verifyTitle" time="6.456" classname="testCases.SignUpPageTest"/>
  <testcase name="SignUp" time="6.257" classname="testCases.SignUpPageTest"/>
  <testcase name="validateLogo" time="5.756" classname="testCases.SignUpPageTest"/>
  <testcase name="SignUp" time="6.452" classname="testCases.SignUpPageTest"/>
  <testcase name="SignUp" time="6.132" classname="testCases.SignUpPageTest"/>
  <testcase name="SignUp" time="6.732" classname="testCases.SignUpPageTest"/>
  <testcase name="SignUp" time="7.851" classname="testCases.SignUpPageTest"/>
</testsuite> <!-- testCases.SignUpPageTest -->
