<?xml version="1.0" encoding="UTF-8"?>
<!-- Generated by org.testng.reporters.JUnitReportReporter -->
<testsuite hostname="LAPTOP-5EAMJ23T" name="testCases.loginPageTest" tests="3" failures="0" timestamp="1 Feb 2019 22:18:58 GMT" time="21.799" errors="0">
  <testcase name="loginTest" time="10.155" classname="testCases.loginPageTest"/>
  <testcase name="loginPageTitleTest" time="5.505" classname="testCases.loginPageTest"/>
  <testcase name="linkedInLogoTest" time="6.139" classname="testCases.loginPageTest"/>
</testsuite> <!-- testCases.loginPageTest -->
